May 22, 2020 02:53:22 pm : (run Query) : SQLSTATE[42000]: Syntax error or access violation: 1065 Query was empty
May 22, 2020 02:53:22 pm : (run Query) : SQLSTATE[42000]: Syntax error or access violation: 1065 Query was empty
May 22, 2020 02:54:38 pm : (run Query) : SQLSTATE[42000]: Syntax error or access violation: 1065 Query was empty
May 22, 2020 02:54:38 pm : (run Query) : SQLSTATE[42000]: Syntax error or access violation: 1065 Query was empty
May 22, 2020 04:18:32 pm : (run Query database) : SQLSTATE[23000]: Integrity constraint violation: 1062 Duplicate entry 'admin@magazine.com' for key 'email'
May 23, 2020 12:36:47 pm : (addData) : SQLSTATE[23000]: Integrity constraint violation: 1062 Duplicate entry 'khwopa@magazine.com' for key 'email'
May 23, 2020 01:16:17 pm : (addData) : Data cannot be inserted without data
May 23, 2020 01:16:21 pm : (addData) : Data cannot be inserted without data
May 29, 2020 10:32:21 am : (run Query database) : SQLSTATE[23000]: Integrity constraint violation: 1062 Duplicate entry 'admin@magazine.com' for key 'email'
May 30, 2020 08:17:44 am : (run Query database) : SQLSTATE[23000]: Integrity constraint violation: 1062 Duplicate entry 'admin@magazine.com' for key 'email'
May 30, 2020 02:22:16 pm : (addData) : SQLSTATE[42S02]: Base table or view not found: 1146 Table 'magazine.advertisement' doesn't exist
May 30, 2020 02:32:35 pm : (run Query database) : SQLSTATE[23000]: Integrity constraint violation: 1062 Duplicate entry 'admin@magazine.com' for key 'email'
May 30, 2020 08:59:33 pm : (addData) : SQLSTATE[42S02]: Base table or view not found: 1146 Table 'magazine.info' doesn't exist
May 30, 2020 09:06:15 pm : (addData) : SQLSTATE[42S02]: Base table or view not found: 1146 Table 'magazine.info' doesn't exist
May 30, 2020 09:06:56 pm : (addData) : SQLSTATE[42S02]: Base table or view not found: 1146 Table 'magazine.info' doesn't exist
May 30, 2020 09:09:15 pm : (addData) : SQLSTATE[42S02]: Base table or view not found: 1146 Table 'magazine.info' doesn't exist
May 30, 2020 09:09:16 pm : (addData) : SQLSTATE[42S02]: Base table or view not found: 1146 Table 'magazine.info' doesn't exist
May 30, 2020 09:09:17 pm : (addData) : SQLSTATE[42S02]: Base table or view not found: 1146 Table 'magazine.info' doesn't exist
May 30, 2020 09:09:17 pm : (addData) : SQLSTATE[42S02]: Base table or view not found: 1146 Table 'magazine.info' doesn't exist
May 30, 2020 09:09:17 pm : (addData) : SQLSTATE[42S02]: Base table or view not found: 1146 Table 'magazine.info' doesn't exist
May 30, 2020 09:09:17 pm : (addData) : SQLSTATE[42S02]: Base table or view not found: 1146 Table 'magazine.info' doesn't exist
May 30, 2020 09:09:18 pm : (addData) : SQLSTATE[42S02]: Base table or view not found: 1146 Table 'magazine.info' doesn't exist
May 30, 2020 09:09:56 pm : (addData) : SQLSTATE[42S02]: Base table or view not found: 1146 Table 'magazine.info' doesn't exist
May 30, 2020 09:09:56 pm : (addData) : SQLSTATE[42S02]: Base table or view not found: 1146 Table 'magazine.info' doesn't exist
May 30, 2020 09:10:28 pm : (addData) : SQLSTATE[42S02]: Base table or view not found: 1146 Table 'magazine.info' doesn't exist
May 30, 2020 09:10:29 pm : (addData) : SQLSTATE[42S02]: Base table or view not found: 1146 Table 'magazine.info' doesn't exist
May 30, 2020 09:10:29 pm : (addData) : SQLSTATE[42S02]: Base table or view not found: 1146 Table 'magazine.info' doesn't exist
May 30, 2020 09:12:40 pm : (addData) : SQLSTATE[42S02]: Base table or view not found: 1146 Table 'magazine.info' doesn't exist
May 30, 2020 09:12:41 pm : (addData) : SQLSTATE[42S02]: Base table or view not found: 1146 Table 'magazine.info' doesn't exist
May 30, 2020 09:12:41 pm : (addData) : SQLSTATE[42S02]: Base table or view not found: 1146 Table 'magazine.info' doesn't exist
May 30, 2020 09:12:41 pm : (addData) : SQLSTATE[42S02]: Base table or view not found: 1146 Table 'magazine.info' doesn't exist
May 30, 2020 09:12:42 pm : (addData) : SQLSTATE[42S02]: Base table or view not found: 1146 Table 'magazine.info' doesn't exist
May 30, 2020 09:13:03 pm : (addData) : SQLSTATE[42S02]: Base table or view not found: 1146 Table 'magazine.info' doesn't exist
May 30, 2020 09:13:03 pm : (addData) : SQLSTATE[42S02]: Base table or view not found: 1146 Table 'magazine.info' doesn't exist
May 30, 2020 09:13:19 pm : (addData) : SQLSTATE[42S02]: Base table or view not found: 1146 Table 'magazine.info' doesn't exist
May 30, 2020 09:13:19 pm : (addData) : SQLSTATE[42S02]: Base table or view not found: 1146 Table 'magazine.info' doesn't exist
May 30, 2020 09:14:54 pm : (addData) : SQLSTATE[42S02]: Base table or view not found: 1146 Table 'magazine.info' doesn't exist
May 30, 2020 09:24:25 pm : (addData) : SQLSTATE[42S02]: Base table or view not found: 1146 Table 'magazine.followuss' doesn't exist
May 30, 2020 09:24:45 pm : (addData) : SQLSTATE[42S02]: Base table or view not found: 1146 Table 'magazine.followuss' doesn't exist
May 30, 2020 09:24:45 pm : (addData) : SQLSTATE[42S02]: Base table or view not found: 1146 Table 'magazine.followuss' doesn't exist
May 30, 2020 09:25:47 pm : (addData) : SQLSTATE[42S02]: Base table or view not found: 1146 Table 'magazine.followuss' doesn't exist
May 30, 2020 09:25:47 pm : (addData) : SQLSTATE[42S02]: Base table or view not found: 1146 Table 'magazine.followuss' doesn't exist
May 30, 2020 09:26:37 pm : (addData) : SQLSTATE[42S02]: Base table or view not found: 1146 Table 'magazine.followuss' doesn't exist
May 30, 2020 09:26:46 pm : (addData) : SQLSTATE[42S02]: Base table or view not found: 1146 Table 'magazine.followuss' doesn't exist
May 30, 2020 09:26:46 pm : (addData) : SQLSTATE[42S02]: Base table or view not found: 1146 Table 'magazine.followuss' doesn't exist
May 30, 2020 09:29:36 pm : (addData) : SQLSTATE[42S02]: Base table or view not found: 1146 Table 'magazine.followuss' doesn't exist
May 30, 2020 09:29:36 pm : (addData) : SQLSTATE[42S02]: Base table or view not found: 1146 Table 'magazine.followuss' doesn't exist
May 30, 2020 09:31:08 pm : (addData) : SQLSTATE[42S02]: Base table or view not found: 1146 Table 'magazine.followuss' doesn't exist
May 30, 2020 09:31:40 pm : (addData) : SQLSTATE[42S02]: Base table or view not found: 1146 Table 'magazine.followuss' doesn't exist
May 30, 2020 09:31:42 pm : (addData) : SQLSTATE[42S02]: Base table or view not found: 1146 Table 'magazine.followuss' doesn't exist
May 30, 2020 09:33:16 pm : (addData) : SQLSTATE[42S02]: Base table or view not found: 1146 Table 'magazine.followuss' doesn't exist
May 30, 2020 09:33:40 pm : (addData) : SQLSTATE[42S02]: Base table or view not found: 1146 Table 'magazine.followuss' doesn't exist
May 30, 2020 09:35:00 pm : (addData) : SQLSTATE[42S02]: Base table or view not found: 1146 Table 'magazine.followuss' doesn't exist
May 30, 2020 09:35:08 pm : (addData) : SQLSTATE[42S02]: Base table or view not found: 1146 Table 'magazine.followuss' doesn't exist
May 30, 2020 09:35:08 pm : (addData) : SQLSTATE[42S02]: Base table or view not found: 1146 Table 'magazine.followuss' doesn't exist
May 30, 2020 09:37:12 pm : (addData) : SQLSTATE[42S02]: Base table or view not found: 1146 Table 'magazine.followuss' doesn't exist
May 30, 2020 09:37:19 pm : (addData) : SQLSTATE[42S02]: Base table or view not found: 1146 Table 'magazine.followuss' doesn't exist
May 30, 2020 09:37:19 pm : (addData) : SQLSTATE[42S02]: Base table or view not found: 1146 Table 'magazine.followuss' doesn't exist
May 30, 2020 10:06:53 pm : (run Query database) : SQLSTATE[23000]: Integrity constraint violation: 1062 Duplicate entry 'admin@magazine.com' for key 'email'
Jun 03, 2020 09:30:09 am : (run Query database) : SQLSTATE[23000]: Integrity constraint violation: 1062 Duplicate entry 'admin@magazine.com' for key 'email'
Jun 03, 2020 02:59:05 pm : (run Query database) : SQLSTATE[23000]: Integrity constraint violation: 1062 Duplicate entry 'admin@magazine.com' for key 'email'
Jun 04, 2020 09:16:10 am : (run Query database) : SQLSTATE[23000]: Integrity constraint violation: 1062 Duplicate entry 'admin@magazine.com' for key 'email'
Jun 04, 2020 09:27:56 am : (addData) : SQLSTATE[42S22]: Column not found: 1054 Unknown column 'state' in 'where clause'
Jun 04, 2020 09:27:56 am : (addData) : SQLSTATE[42S22]: Column not found: 1054 Unknown column 'state' in 'where clause'
Jun 04, 2020 09:41:32 am : (addData) : SQLSTATE[42S22]: Column not found: 1054 Unknown column 'state' in 'where clause'
Jun 04, 2020 09:41:32 am : (addData) : SQLSTATE[42S22]: Column not found: 1054 Unknown column 'state' in 'where clause'
Jun 04, 2020 09:49:39 am : (addData) : SQLSTATE[42S22]: Column not found: 1054 Unknown column 'state' in 'where clause'
Jun 04, 2020 09:49:42 am : (addData) : SQLSTATE[42S22]: Column not found: 1054 Unknown column 'state' in 'where clause'
Jun 04, 2020 09:50:16 am : (addData) : SQLSTATE[42S22]: Column not found: 1054 Unknown column 'state' in 'where clause'
Jun 04, 2020 09:50:16 am : (addData) : SQLSTATE[42S22]: Column not found: 1054 Unknown column 'state' in 'where clause'
Jun 04, 2020 09:55:32 am : (run Query database) : SQLSTATE[23000]: Integrity constraint violation: 1062 Duplicate entry 'admin@magazine.com' for key 'email'
Jun 04, 2020 10:15:04 am : (addData) : SQLSTATE[42S22]: Column not found: 1054 Unknown column 'state' in 'field list'
Jun 04, 2020 10:16:30 am : (addData) : SQLSTATE[42S22]: Column not found: 1054 Unknown column 'state' in 'field list'
Jun 04, 2020 10:22:55 am : (addData) : SQLSTATE[42S22]: Column not found: 1054 Unknown column 'state' in 'field list'
Jun 04, 2020 10:27:10 am : (addData) : SQLSTATE[42S22]: Column not found: 1054 Unknown column 'state' in 'field list'
Jun 04, 2020 10:29:32 am : (addData) : SQLSTATE[42S22]: Column not found: 1054 Unknown column 'state' in 'field list'
Jun 04, 2020 10:32:00 am : (addData) : SQLSTATE[42S22]: Column not found: 1054 Unknown column 'state' in 'field list'
Jun 04, 2020 10:34:04 am : (addData) : SQLSTATE[42S22]: Column not found: 1054 Unknown column 'state' in 'field list'
Jun 04, 2020 10:34:15 am : (addData) : SQLSTATE[42S22]: Column not found: 1054 Unknown column 'state' in 'field list'
Jun 04, 2020 11:21:12 am : (run Query database) : SQLSTATE[23000]: Integrity constraint violation: 1062 Duplicate entry 'admin@magazine.com' for key 'email'
Jun 04, 2020 09:15:02 pm : (addData) : SQLSTATE[42S22]: Column not found: 1054 Unknown column 'commentReplied' in 'where clause'
Jun 04, 2020 09:15:05 pm : (addData) : SQLSTATE[42S22]: Column not found: 1054 Unknown column 'commentReplied' in 'where clause'
Jun 04, 2020 09:17:12 pm : (addData) : SQLSTATE[42S22]: Column not found: 1054 Unknown column 'commentReplied' in 'where clause'
Jun 04, 2020 09:17:13 pm : (addData) : SQLSTATE[42S22]: Column not found: 1054 Unknown column 'commentReplied' in 'where clause'
Jun 04, 2020 09:17:13 pm : (addData) : SQLSTATE[42S22]: Column not found: 1054 Unknown column 'commentReplied' in 'where clause'
Jun 04, 2020 09:17:14 pm : (addData) : SQLSTATE[42S22]: Column not found: 1054 Unknown column 'commentReplied' in 'where clause'
Jun 04, 2020 09:19:40 pm : (run Query database) : SQLSTATE[23000]: Integrity constraint violation: 1062 Duplicate entry 'admin@magazine.com' for key 'email'
Jun 04, 2020 09:19:40 pm : (run Query database) : SQLSTATE[42000]: Syntax error or access violation: 1064 You have an error in your SQL syntax; check the manual that corresponds to your MariaDB server version for the right syntax to use near ';
                    state enum('accept', 'reject') default 'accept',
       ' at line 12
Jun 04, 2020 09:21:39 pm : (addData) : SQLSTATE[42S22]: Column not found: 1054 Unknown column 'commentReplied' in 'where clause'
Jun 04, 2020 09:21:57 pm : (addData) : SQLSTATE[42S22]: Column not found: 1054 Unknown column 'commentReplied' in 'where clause'
Jun 04, 2020 09:22:16 pm : (addData) : SQLSTATE[42S22]: Column not found: 1054 Unknown column 'commentReplied' in 'where clause'
Jun 04, 2020 09:22:18 pm : (addData) : SQLSTATE[42S22]: Column not found: 1054 Unknown column 'commentReplied' in 'where clause'
Jun 04, 2020 09:22:18 pm : (addData) : SQLSTATE[42S22]: Column not found: 1054 Unknown column 'commentReplied' in 'where clause'
Jun 04, 2020 09:22:19 pm : (addData) : SQLSTATE[42S22]: Column not found: 1054 Unknown column 'commentReplied' in 'where clause'
Jun 04, 2020 09:22:19 pm : (addData) : SQLSTATE[42S22]: Column not found: 1054 Unknown column 'commentReplied' in 'where clause'
Jun 04, 2020 09:22:20 pm : (addData) : SQLSTATE[42S22]: Column not found: 1054 Unknown column 'commentReplied' in 'where clause'
Jun 04, 2020 09:22:20 pm : (addData) : SQLSTATE[42S22]: Column not found: 1054 Unknown column 'commentReplied' in 'where clause'
Jun 04, 2020 09:22:20 pm : (addData) : SQLSTATE[42S22]: Column not found: 1054 Unknown column 'commentReplied' in 'where clause'
Jun 04, 2020 09:22:20 pm : (addData) : SQLSTATE[42S22]: Column not found: 1054 Unknown column 'commentReplied' in 'where clause'
Jun 04, 2020 09:22:21 pm : (addData) : SQLSTATE[42S22]: Column not found: 1054 Unknown column 'commentReplied' in 'where clause'
Jun 04, 2020 09:22:21 pm : (addData) : SQLSTATE[42S22]: Column not found: 1054 Unknown column 'commentReplied' in 'where clause'
Jun 04, 2020 09:22:21 pm : (addData) : SQLSTATE[42S22]: Column not found: 1054 Unknown column 'commentReplied' in 'where clause'
Jun 04, 2020 09:22:40 pm : (addData) : SQLSTATE[42S22]: Column not found: 1054 Unknown column 'commentReplied' in 'where clause'
Jun 04, 2020 09:22:42 pm : (addData) : SQLSTATE[42S22]: Column not found: 1054 Unknown column 'commentReplied' in 'where clause'
Jun 04, 2020 09:22:43 pm : (addData) : SQLSTATE[42S22]: Column not found: 1054 Unknown column 'commentReplied' in 'where clause'
Jun 04, 2020 09:23:10 pm : (addData) : SQLSTATE[42S22]: Column not found: 1054 Unknown column 'commentReplied' in 'where clause'
Jun 04, 2020 09:23:11 pm : (addData) : SQLSTATE[42S22]: Column not found: 1054 Unknown column 'commentReplied' in 'where clause'
Jun 04, 2020 09:23:11 pm : (addData) : SQLSTATE[42S22]: Column not found: 1054 Unknown column 'commentReplied' in 'where clause'
Jun 04, 2020 09:23:12 pm : (addData) : SQLSTATE[42S22]: Column not found: 1054 Unknown column 'commentReplied' in 'where clause'
Jun 04, 2020 09:23:12 pm : (addData) : SQLSTATE[42S22]: Column not found: 1054 Unknown column 'commentReplied' in 'where clause'
Jun 04, 2020 09:23:12 pm : (addData) : SQLSTATE[42S22]: Column not found: 1054 Unknown column 'commentReplied' in 'where clause'
Jun 04, 2020 09:23:13 pm : (addData) : SQLSTATE[42S22]: Column not found: 1054 Unknown column 'commentReplied' in 'where clause'
Jun 04, 2020 09:23:13 pm : (addData) : SQLSTATE[42S22]: Column not found: 1054 Unknown column 'commentReplied' in 'where clause'
Jun 04, 2020 09:23:13 pm : (addData) : SQLSTATE[42S22]: Column not found: 1054 Unknown column 'commentReplied' in 'where clause'
Jun 05, 2020 09:36:49 am : (DB Connection) : SQLSTATE[HY000] [2002] No connection could be made because the target machine actively refused it.

Jun 05, 2020 09:38:26 am : (addData) : SQLSTATE[42S22]: Column not found: 1054 Unknown column 'commentReplied' in 'where clause'
Jun 05, 2020 09:57:59 am : (addData) : SQLSTATE[42S22]: Column not found: 1054 Unknown column 'commentReplied' in 'where clause'
Jun 05, 2020 09:58:01 am : (addData) : SQLSTATE[42S22]: Column not found: 1054 Unknown column 'commentReplied' in 'where clause'
Jun 05, 2020 09:58:07 am : (addData) : SQLSTATE[42S22]: Column not found: 1054 Unknown column 'commentReplied' in 'where clause'
Jun 05, 2020 09:58:08 am : (addData) : SQLSTATE[42S22]: Column not found: 1054 Unknown column 'commentReplied' in 'where clause'
Jun 05, 2020 10:01:14 am : (addData) : SQLSTATE[42S22]: Column not found: 1054 Unknown column 'commentReplied' in 'where clause'
Jun 05, 2020 10:03:39 am : (run Query database) : SQLSTATE[23000]: Integrity constraint violation: 1062 Duplicate entry 'admin@magazine.com' for key 'email'
Jun 05, 2020 10:04:47 am : (run Query database) : SQLSTATE[23000]: Integrity constraint violation: 1062 Duplicate entry 'admin@magazine.com' for key 'email'
Jun 05, 2020 12:30:32 pm : (addData) : SQLSTATE[42S02]: Base table or view not found: 1146 Table 'magazine.joins' doesn't exist
Jun 05, 2020 12:30:32 pm : (addData) : SQLSTATE[42S02]: Base table or view not found: 1146 Table 'magazine.joins' doesn't exist
Jun 05, 2020 12:31:16 pm : (addData) : SQLSTATE[42S02]: Base table or view not found: 1146 Table 'magazine.joins' doesn't exist
Jun 05, 2020 12:31:17 pm : (addData) : SQLSTATE[42S02]: Base table or view not found: 1146 Table 'magazine.joins' doesn't exist
Jun 05, 2020 12:31:18 pm : (addData) : SQLSTATE[42S02]: Base table or view not found: 1146 Table 'magazine.joins' doesn't exist
Jun 05, 2020 12:31:47 pm : (run Query database) : SQLSTATE[23000]: Integrity constraint violation: 1062 Duplicate entry 'admin@magazine.com' for key 'email'
Jun 05, 2020 06:05:45 pm : (run Query database) : SQLSTATE[23000]: Integrity constraint violation: 1062 Duplicate entry 'admin@magazine.com' for key 'email'
Jun 05, 2020 06:05:46 pm : (run Query database) : SQLSTATE[42000]: Syntax error or access violation: 1064 You have an error in your SQL syntax; check the manual that corresponds to your MariaDB server version for the right syntax to use near ')' at line 8
Jun 05, 2020 06:05:46 pm : (run Query database) : SQLSTATE[23000]: Integrity constraint violation: 1062 Duplicate entry 'admin@magazine.com' for key 'email'
Jun 05, 2020 06:05:46 pm : (run Query database) : SQLSTATE[42000]: Syntax error or access violation: 1064 You have an error in your SQL syntax; check the manual that corresponds to your MariaDB server version for the right syntax to use near ')' at line 8
Jun 05, 2020 06:06:35 pm : (run Query database) : SQLSTATE[23000]: Integrity constraint violation: 1062 Duplicate entry 'admin@magazine.com' for key 'email'
Jun 05, 2020 06:06:35 pm : (run Query database) : SQLSTATE[42000]: Syntax error or access violation: 1064 You have an error in your SQL syntax; check the manual that corresponds to your MariaDB server version for the right syntax to use near ')' at line 8
Jun 05, 2020 06:06:36 pm : (run Query database) : SQLSTATE[23000]: Integrity constraint violation: 1062 Duplicate entry 'admin@magazine.com' for key 'email'
Jun 05, 2020 06:06:36 pm : (run Query database) : SQLSTATE[42000]: Syntax error or access violation: 1064 You have an error in your SQL syntax; check the manual that corresponds to your MariaDB server version for the right syntax to use near ')' at line 8
Jun 05, 2020 06:06:36 pm : (run Query database) : SQLSTATE[23000]: Integrity constraint violation: 1062 Duplicate entry 'admin@magazine.com' for key 'email'
Jun 05, 2020 06:06:36 pm : (run Query database) : SQLSTATE[42000]: Syntax error or access violation: 1064 You have an error in your SQL syntax; check the manual that corresponds to your MariaDB server version for the right syntax to use near ')' at line 8
Jun 05, 2020 06:06:37 pm : (run Query database) : SQLSTATE[23000]: Integrity constraint violation: 1062 Duplicate entry 'admin@magazine.com' for key 'email'
Jun 05, 2020 06:06:37 pm : (run Query database) : SQLSTATE[42000]: Syntax error or access violation: 1064 You have an error in your SQL syntax; check the manual that corresponds to your MariaDB server version for the right syntax to use near ')' at line 8
Jun 05, 2020 06:06:37 pm : (run Query database) : SQLSTATE[23000]: Integrity constraint violation: 1062 Duplicate entry 'admin@magazine.com' for key 'email'
Jun 05, 2020 06:06:37 pm : (run Query database) : SQLSTATE[42000]: Syntax error or access violation: 1064 You have an error in your SQL syntax; check the manual that corresponds to your MariaDB server version for the right syntax to use near ')' at line 8
Jun 05, 2020 06:06:53 pm : (run Query database) : SQLSTATE[23000]: Integrity constraint violation: 1062 Duplicate entry 'admin@magazine.com' for key 'email'
Jun 05, 2020 06:06:53 pm : (run Query database) : SQLSTATE[42000]: Syntax error or access violation: 1064 You have an error in your SQL syntax; check the manual that corresponds to your MariaDB server version for the right syntax to use near ')' at line 8
Jun 05, 2020 06:06:54 pm : (run Query database) : SQLSTATE[23000]: Integrity constraint violation: 1062 Duplicate entry 'admin@magazine.com' for key 'email'
Jun 05, 2020 06:06:54 pm : (run Query database) : SQLSTATE[42000]: Syntax error or access violation: 1064 You have an error in your SQL syntax; check the manual that corresponds to your MariaDB server version for the right syntax to use near ')' at line 8
Jun 05, 2020 06:06:54 pm : (run Query database) : SQLSTATE[23000]: Integrity constraint violation: 1062 Duplicate entry 'admin@magazine.com' for key 'email'
Jun 05, 2020 06:06:54 pm : (run Query database) : SQLSTATE[42000]: Syntax error or access violation: 1064 You have an error in your SQL syntax; check the manual that corresponds to your MariaDB server version for the right syntax to use near ')' at line 8
Jun 05, 2020 06:08:51 pm : (run Query database) : SQLSTATE[23000]: Integrity constraint violation: 1062 Duplicate entry 'admin@magazine.com' for key 'email'
Jun 05, 2020 06:08:51 pm : (run Query database) : SQLSTATE[42000]: Syntax error or access violation: 1064 You have an error in your SQL syntax; check the manual that corresponds to your MariaDB server version for the right syntax to use near ')' at line 8
Jun 05, 2020 06:10:23 pm : (run Query database) : SQLSTATE[23000]: Integrity constraint violation: 1062 Duplicate entry 'admin@magazine.com' for key 'email'
Jun 05, 2020 07:09:30 pm : (DB Connection) : SQLSTATE[HY000] [2002] No connection could be made because the target machine actively refused it.

Jun 05, 2020 08:34:46 pm : (getDataFromQuery) : SQLSTATE[42000]: Syntax error or access violation: 1064 You have an error in your SQL syntax; check the manual that corresponds to your MariaDB server version for the right syntax to use near 'categories' at line 1
Jun 06, 2020 02:32:18 pm : (addData) : SQLSTATE[42000]: Syntax error or access violation: 1064 You have an error in your SQL syntax; check the manual that corresponds to your MariaDB server version for the right syntax to use near 'all' at line 2
Jun 06, 2020 05:33:03 pm : (run Query database) : SQLSTATE[23000]: Integrity constraint violation: 1062 Duplicate entry 'admin@magazine.com' for key 'email'
Jun 06, 2020 05:35:21 pm : (run Query database) : SQLSTATE[23000]: Integrity constraint violation: 1062 Duplicate entry 'admin@magazine.com' for key 'email'
Jun 06, 2020 05:35:40 pm : (run Query database) : SQLSTATE[23000]: Integrity constraint violation: 1062 Duplicate entry 'admin@magazine.com' for key 'email'
Jun 06, 2020 05:36:00 pm : (run Query database) : SQLSTATE[23000]: Integrity constraint violation: 1062 Duplicate entry 'admin@magazine.com' for key 'email'
Jun 06, 2020 05:45:48 pm : (run Query database) : SQLSTATE[23000]: Integrity constraint violation: 1062 Duplicate entry 'admin@magazine.com' for key 'email'
Jun 06, 2020 09:04:57 pm : (addData) : SQLSTATE[42S22]: Column not found: 1054 Unknown column 'category' in 'where clause'
Jun 10, 2020 10:08:41 am : (DB Connection) : SQLSTATE[HY000] [2002] No connection could be made because the target machine actively refused it.

Jun 10, 2020 11:32:48 am : (run Query database) : SQLSTATE[23000]: Integrity constraint violation: 1062 Duplicate entry 'admin@magazine.com' for key 'email'
